<?xml version="1.0" encoding="UTF-8"?>
<testsuite xmlns:xsi="http://www.w3.org/2001/XMLSchema-instance" xsi:noNamespaceSchemaLocation="https://maven.apache.org/surefire/maven-surefire-plugin/xsd/surefire-test-report.xsd" name="com.test.TransTest" time="0.025" tests="1" errors="0" skipped="0" failures="0">
  <properties>
    <property name="sun.desktop" value="windows"/>
    <property name="awt.toolkit" value="sun.awt.windows.WToolkit"/>
    <property name="file.encoding.pkg" value="sun.io"/>
    <property name="java.specification.version" value="1.8"/>
    <property name="sun.cpu.isalist" value="amd64"/>
    <property name="sun.jnu.encoding" value="GBK"/>
    <property name="java.class.path" value="D:\WorkSpace\imooc-ceshi\foodie-dev-api\target\test-classes;D:\WorkSpace\imooc-ceshi\foodie-dev-api\target\classes;D:\develop\Apache\MavenRepository\com\imooc\foodie-dev-service\1.0-SNAPSHOT\foodie-dev-service-1.0-SNAPSHOT.jar;D:\develop\Apache\MavenRepository\com\imooc\foodie-dev-mapper\1.0-SNAPSHOT\foodie-dev-mapper-1.0-SNAPSHOT.jar;D:\develop\Apache\MavenRepository\com\imooc\foodie-dev-pojo\1.0-SNAPSHOT\foodie-dev-pojo-1.0-SNAPSHOT.jar;D:\develop\Apache\MavenRepository\com\imooc\foodie-dev-common\1.0-SNAPSHOT\foodie-dev-common-1.0-SNAPSHOT.jar;D:\develop\Apache\MavenRepository\org\springframework\boot\spring-boot-starter-test\2.1.5.RELEASE\spring-boot-starter-test-2.1.5.RELEASE.jar;D:\develop\Apache\MavenRepository\org\springframework\boot\spring-boot-test\2.1.5.RELEASE\spring-boot-test-2.1.5.RELEASE.jar;D:\develop\Apache\MavenRepository\org\springframework\boot\spring-boot-test-autoconfigure\2.1.5.RELEASE\spring-boot-test-autoconfigure-2.1.5.RELEASE.jar;D:\develop\Apache\MavenRepository\com\jayway\jsonpath\json-path\2.4.0\json-path-2.4.0.jar;D:\develop\Apache\MavenRepository\net\minidev\json-smart\2.3\json-smart-2.3.jar;D:\develop\Apache\MavenRepository\net\minidev\accessors-smart\1.2\accessors-smart-1.2.jar;D:\develop\Apache\MavenRepository\org\ow2\asm\asm\5.0.4\asm-5.0.4.jar;D:\develop\Apache\MavenRepository\junit\junit\4.12\junit-4.12.jar;D:\develop\Apache\MavenRepository\org\assertj\assertj-core\3.11.1\assertj-core-3.11.1.jar;D:\develop\Apache\MavenRepository\org\mockito\mockito-core\2.23.4\mockito-core-2.23.4.jar;D:\develop\Apache\MavenRepository\net\bytebuddy\byte-buddy\1.9.12\byte-buddy-1.9.12.jar;D:\develop\Apache\MavenRepository\net\bytebuddy\byte-buddy-agent\1.9.12\byte-buddy-agent-1.9.12.jar;D:\develop\Apache\MavenRepository\org\objenesis\objenesis\2.6\objenesis-2.6.jar;D:\develop\Apache\MavenRepository\org\hamcrest\hamcrest-core\1.3\hamcrest-core-1.3.jar;D:\develop\Apache\MavenRepository\org\hamcrest\hamcrest-library\1.3\hamcrest-library-1.3.jar;D:\develop\Apache\MavenRepository\org\skyscreamer\jsonassert\1.5.0\jsonassert-1.5.0.jar;D:\develop\Apache\MavenRepository\com\vaadin\external\google\android-json\0.0.20131108.vaadin1\android-json-0.0.20131108.vaadin1.jar;D:\develop\Apache\MavenRepository\org\springframework\spring-core\5.1.7.RELEASE\spring-core-5.1.7.RELEASE.jar;D:\develop\Apache\MavenRepository\org\springframework\spring-jcl\5.1.7.RELEASE\spring-jcl-5.1.7.RELEASE.jar;D:\develop\Apache\MavenRepository\org\springframework\spring-test\5.1.7.RELEASE\spring-test-5.1.7.RELEASE.jar;D:\develop\Apache\MavenRepository\org\xmlunit\xmlunit-core\2.6.2\xmlunit-core-2.6.2.jar;D:\develop\Apache\MavenRepository\org\jetbrains\annotations\23.0.0\annotations-23.0.0.jar;D:\develop\Apache\MavenRepository\org\springframework\boot\spring-boot-starter\2.1.5.RELEASE\spring-boot-starter-2.1.5.RELEASE.jar;D:\develop\Apache\MavenRepository\org\springframework\boot\spring-boot\2.1.5.RELEASE\spring-boot-2.1.5.RELEASE.jar;D:\develop\Apache\MavenRepository\org\springframework\spring-context\5.1.7.RELEASE\spring-context-5.1.7.RELEASE.jar;D:\develop\Apache\MavenRepository\org\springframework\boot\spring-boot-autoconfigure\2.1.5.RELEASE\spring-boot-autoconfigure-2.1.5.RELEASE.jar;D:\develop\Apache\MavenRepository\javax\annotation\javax.annotation-api\1.3.2\javax.annotation-api-1.3.2.jar;D:\develop\Apache\MavenRepository\org\yaml\snakeyaml\1.23\snakeyaml-1.23.jar;D:\develop\Apache\MavenRepository\org\springframework\boot\spring-boot-starter-web\2.1.5.RELEASE\spring-boot-starter-web-2.1.5.RELEASE.jar;D:\develop\Apache\MavenRepository\org\springframework\boot\spring-boot-starter-json\2.1.5.RELEASE\spring-boot-starter-json-2.1.5.RELEASE.jar;D:\develop\Apache\MavenRepository\com\fasterxml\jackson\core\jackson-databind\2.9.8\jackson-databind-2.9.8.jar;D:\develop\Apache\MavenRepository\com\fasterxml\jackson\core\jackson-core\2.9.8\jackson-core-2.9.8.jar;D:\develop\Apache\MavenRepository\com\fasterxml\jackson\datatype\jackson-datatype-jdk8\2.9.8\jackson-datatype-jdk8-2.9.8.jar;D:\develop\Apache\MavenRepository\com\fasterxml\jackson\datatype\jackson-datatype-jsr310\2.9.8\jackson-datatype-jsr310-2.9.8.jar;D:\develop\Apache\MavenRepository\com\fasterxml\jackson\module\jackson-module-parameter-names\2.9.8\jackson-module-parameter-names-2.9.8.jar;D:\develop\Apache\MavenRepository\org\springframework\boot\spring-boot-starter-tomcat\2.1.5.RELEASE\spring-boot-starter-tomcat-2.1.5.RELEASE.jar;D:\develop\Apache\MavenRepository\org\apache\tomcat\embed\tomcat-embed-core\9.0.19\tomcat-embed-core-9.0.19.jar;D:\develop\Apache\MavenRepository\org\apache\tomcat\embed\tomcat-embed-el\9.0.19\tomcat-embed-el-9.0.19.jar;D:\develop\Apache\MavenRepository\org\apache\tomcat\embed\tomcat-embed-websocket\9.0.19\tomcat-embed-websocket-9.0.19.jar;D:\develop\Apache\MavenRepository\org\hibernate\validator\hibernate-validator\6.0.16.Final\hibernate-validator-6.0.16.Final.jar;D:\develop\Apache\MavenRepository\javax\validation\validation-api\2.0.1.Final\validation-api-2.0.1.Final.jar;D:\develop\Apache\MavenRepository\org\jboss\logging\jboss-logging\3.3.2.Final\jboss-logging-3.3.2.Final.jar;D:\develop\Apache\MavenRepository\org\springframework\spring-web\5.1.7.RELEASE\spring-web-5.1.7.RELEASE.jar;D:\develop\Apache\MavenRepository\org\springframework\spring-beans\5.1.7.RELEASE\spring-beans-5.1.7.RELEASE.jar;D:\develop\Apache\MavenRepository\org\springframework\spring-webmvc\5.1.7.RELEASE\spring-webmvc-5.1.7.RELEASE.jar;D:\develop\Apache\MavenRepository\org\springframework\spring-expression\5.1.7.RELEASE\spring-expression-5.1.7.RELEASE.jar;D:\develop\Apache\MavenRepository\org\springframework\boot\spring-boot-configuration-processor\2.1.5.RELEASE\spring-boot-configuration-processor-2.1.5.RELEASE.jar;D:\develop\Apache\MavenRepository\org\springframework\boot\spring-boot-starter-aop\2.1.5.RELEASE\spring-boot-starter-aop-2.1.5.RELEASE.jar;D:\develop\Apache\MavenRepository\org\springframework\spring-aop\5.1.7.RELEASE\spring-aop-5.1.7.RELEASE.jar;D:\develop\Apache\MavenRepository\org\aspectj\aspectjweaver\1.9.4\aspectjweaver-1.9.4.jar;D:\develop\Apache\MavenRepository\mysql\mysql-connector-java\5.1.41\mysql-connector-java-5.1.41.jar;D:\develop\Apache\MavenRepository\org\mybatis\spring\boot\mybatis-spring-boot-starter\2.1.0\mybatis-spring-boot-starter-2.1.0.jar;D:\develop\Apache\MavenRepository\org\springframework\boot\spring-boot-starter-jdbc\2.1.5.RELEASE\spring-boot-starter-jdbc-2.1.5.RELEASE.jar;D:\develop\Apache\MavenRepository\com\zaxxer\HikariCP\3.2.0\HikariCP-3.2.0.jar;D:\develop\Apache\MavenRepository\org\springframework\spring-jdbc\5.1.7.RELEASE\spring-jdbc-5.1.7.RELEASE.jar;D:\develop\Apache\MavenRepository\org\mybatis\spring\boot\mybatis-spring-boot-autoconfigure\2.1.0\mybatis-spring-boot-autoconfigure-2.1.0.jar;D:\develop\Apache\MavenRepository\org\mybatis\mybatis\3.5.2\mybatis-3.5.2.jar;D:\develop\Apache\MavenRepository\org\mybatis\mybatis-spring\2.0.2\mybatis-spring-2.0.2.jar;D:\develop\Apache\MavenRepository\org\springframework\boot\spring-boot-starter-data-redis\2.1.5.RELEASE\spring-boot-starter-data-redis-2.1.5.RELEASE.jar;D:\develop\Apache\MavenRepository\org\springframework\data\spring-data-redis\2.1.8.RELEASE\spring-data-redis-2.1.8.RELEASE.jar;D:\develop\Apache\MavenRepository\org\springframework\data\spring-data-keyvalue\2.1.8.RELEASE\spring-data-keyvalue-2.1.8.RELEASE.jar;D:\develop\Apache\MavenRepository\org\springframework\data\spring-data-commons\2.1.8.RELEASE\spring-data-commons-2.1.8.RELEASE.jar;D:\develop\Apache\MavenRepository\org\springframework\spring-tx\5.1.7.RELEASE\spring-tx-5.1.7.RELEASE.jar;D:\develop\Apache\MavenRepository\org\springframework\spring-oxm\5.1.7.RELEASE\spring-oxm-5.1.7.RELEASE.jar;D:\develop\Apache\MavenRepository\org\springframework\spring-context-support\5.1.7.RELEASE\spring-context-support-5.1.7.RELEASE.jar;D:\develop\Apache\MavenRepository\io\lettuce\lettuce-core\5.1.6.RELEASE\lettuce-core-5.1.6.RELEASE.jar;D:\develop\Apache\MavenRepository\io\netty\netty-common\4.1.36.Final\netty-common-4.1.36.Final.jar;D:\develop\Apache\MavenRepository\io\netty\netty-handler\4.1.36.Final\netty-handler-4.1.36.Final.jar;D:\develop\Apache\MavenRepository\io\netty\netty-buffer\4.1.36.Final\netty-buffer-4.1.36.Final.jar;D:\develop\Apache\MavenRepository\io\netty\netty-codec\4.1.36.Final\netty-codec-4.1.36.Final.jar;D:\develop\Apache\MavenRepository\io\netty\netty-transport\4.1.36.Final\netty-transport-4.1.36.Final.jar;D:\develop\Apache\MavenRepository\io\netty\netty-resolver\4.1.36.Final\netty-resolver-4.1.36.Final.jar;D:\develop\Apache\MavenRepository\io\projectreactor\reactor-core\3.2.9.RELEASE\reactor-core-3.2.9.RELEASE.jar;D:\develop\Apache\MavenRepository\org\reactivestreams\reactive-streams\1.0.2\reactive-streams-1.0.2.jar;D:\develop\Apache\MavenRepository\tk\mybatis\mapper-spring-boot-starter\2.1.5\mapper-spring-boot-starter-2.1.5.jar;D:\develop\Apache\MavenRepository\tk\mybatis\mapper-core\1.1.5\mapper-core-1.1.5.jar;D:\develop\Apache\MavenRepository\javax\persistence\persistence-api\1.0\persistence-api-1.0.jar;D:\develop\Apache\MavenRepository\tk\mybatis\mapper-base\1.1.5\mapper-base-1.1.5.jar;D:\develop\Apache\MavenRepository\tk\mybatis\mapper-weekend\1.1.5\mapper-weekend-1.1.5.jar;D:\develop\Apache\MavenRepository\tk\mybatis\mapper-spring\1.1.5\mapper-spring-1.1.5.jar;D:\develop\Apache\MavenRepository\tk\mybatis\mapper-extra\1.1.5\mapper-extra-1.1.5.jar;D:\develop\Apache\MavenRepository\tk\mybatis\mapper-spring-boot-autoconfigure\2.1.5\mapper-spring-boot-autoconfigure-2.1.5.jar;D:\develop\Apache\MavenRepository\com\github\pagehelper\pagehelper-spring-boot-starter\1.2.3\pagehelper-spring-boot-starter-1.2.3.jar;D:\develop\Apache\MavenRepository\com\github\pagehelper\pagehelper-spring-boot-autoconfigure\1.2.3\pagehelper-spring-boot-autoconfigure-1.2.3.jar;D:\develop\Apache\MavenRepository\com\github\pagehelper\pagehelper\5.1.2\pagehelper-5.1.2.jar;D:\develop\Apache\MavenRepository\com\github\jsqlparser\jsqlparser\1.0\jsqlparser-1.0.jar;D:\develop\Apache\MavenRepository\commons-codec\commons-codec\1.11\commons-codec-1.11.jar;D:\develop\Apache\MavenRepository\org\apache\commons\commons-lang3\3.4\commons-lang3-3.4.jar;D:\develop\Apache\MavenRepository\commons-io\commons-io\1.3.2\commons-io-1.3.2.jar;D:\develop\Apache\MavenRepository\org\slf4j\slf4j-api\1.7.21\slf4j-api-1.7.21.jar;D:\develop\Apache\MavenRepository\org\slf4j\slf4j-log4j12\1.7.21\slf4j-log4j12-1.7.21.jar;D:\develop\Apache\MavenRepository\log4j\log4j\1.2.17\log4j-1.2.17.jar;D:\develop\Apache\MavenRepository\javax\servlet\javax.servlet-api\4.0.1\javax.servlet-api-4.0.1.jar;D:\develop\Apache\MavenRepository\io\springfox\springfox-swagger2\2.4.0\springfox-swagger2-2.4.0.jar;D:\develop\Apache\MavenRepository\io\swagger\swagger-annotations\1.5.6\swagger-annotations-1.5.6.jar;D:\develop\Apache\MavenRepository\io\swagger\swagger-models\1.5.6\swagger-models-1.5.6.jar;D:\develop\Apache\MavenRepository\com\fasterxml\jackson\core\jackson-annotations\2.9.0\jackson-annotations-2.9.0.jar;D:\develop\Apache\MavenRepository\io\springfox\springfox-spi\2.4.0\springfox-spi-2.4.0.jar;D:\develop\Apache\MavenRepository\io\springfox\springfox-core\2.4.0\springfox-core-2.4.0.jar;D:\develop\Apache\MavenRepository\io\springfox\springfox-schema\2.4.0\springfox-schema-2.4.0.jar;D:\develop\Apache\MavenRepository\io\springfox\springfox-swagger-common\2.4.0\springfox-swagger-common-2.4.0.jar;D:\develop\Apache\MavenRepository\io\springfox\springfox-spring-web\2.4.0\springfox-spring-web-2.4.0.jar;D:\develop\Apache\MavenRepository\com\google\guava\guava\18.0\guava-18.0.jar;D:\develop\Apache\MavenRepository\com\fasterxml\classmate\1.4.0\classmate-1.4.0.jar;D:\develop\Apache\MavenRepository\org\springframework\plugin\spring-plugin-core\1.2.0.RELEASE\spring-plugin-core-1.2.0.RELEASE.jar;D:\develop\Apache\MavenRepository\org\springframework\plugin\spring-plugin-metadata\1.2.0.RELEASE\spring-plugin-metadata-1.2.0.RELEASE.jar;D:\develop\Apache\MavenRepository\io\springfox\springfox-swagger-ui\2.4.0\springfox-swagger-ui-2.4.0.jar;D:\develop\Apache\MavenRepository\com\github\xiaoymin\swagger-bootstrap-ui\1.6\swagger-bootstrap-ui-1.6.jar;"/>
    <property name="java.vm.vendor" value="Oracle Corporation"/>
    <property name="sun.arch.data.model" value="64"/>
    <property name="user.variant" value=""/>
    <property name="java.vendor.url" value="http://java.oracle.com/"/>
    <property name="user.timezone" value="Asia/Shanghai"/>
    <property name="java.vm.specification.version" value="1.8"/>
    <property name="os.name" value="Windows 10"/>
    <property name="user.country" value="CN"/>
    <property name="sun.java.launcher" value="SUN_STANDARD"/>
    <property name="sun.boot.library.path" value="C:\Program Files\Java\jdk1.8.0_221\jre\bin"/>
    <property name="sun.java.command" value="C:\Users\admin\AppData\Local\Temp\surefire1867058374170227220\surefirebooter6406283861254450500.jar C:\Users\admin\AppData\Local\Temp\surefire1867058374170227220 2022-01-24T09-42-40_090-jvmRun1 surefire3861625552376453378tmp surefire_05757202146879602927tmp"/>
    <property name="surefire.test.class.path" value="D:\WorkSpace\imooc-ceshi\foodie-dev-api\target\test-classes;D:\WorkSpace\imooc-ceshi\foodie-dev-api\target\classes;D:\develop\Apache\MavenRepository\com\imooc\foodie-dev-service\1.0-SNAPSHOT\foodie-dev-service-1.0-SNAPSHOT.jar;D:\develop\Apache\MavenRepository\com\imooc\foodie-dev-mapper\1.0-SNAPSHOT\foodie-dev-mapper-1.0-SNAPSHOT.jar;D:\develop\Apache\MavenRepository\com\imooc\foodie-dev-pojo\1.0-SNAPSHOT\foodie-dev-pojo-1.0-SNAPSHOT.jar;D:\develop\Apache\MavenRepository\com\imooc\foodie-dev-common\1.0-SNAPSHOT\foodie-dev-common-1.0-SNAPSHOT.jar;D:\develop\Apache\MavenRepository\org\springframework\boot\spring-boot-starter-test\2.1.5.RELEASE\spring-boot-starter-test-2.1.5.RELEASE.jar;D:\develop\Apache\MavenRepository\org\springframework\boot\spring-boot-test\2.1.5.RELEASE\spring-boot-test-2.1.5.RELEASE.jar;D:\develop\Apache\MavenRepository\org\springframework\boot\spring-boot-test-autoconfigure\2.1.5.RELEASE\spring-boot-test-autoconfigure-2.1.5.RELEASE.jar;D:\develop\Apache\MavenRepository\com\jayway\jsonpath\json-path\2.4.0\json-path-2.4.0.jar;D:\develop\Apache\MavenRepository\net\minidev\json-smart\2.3\json-smart-2.3.jar;D:\develop\Apache\MavenRepository\net\minidev\accessors-smart\1.2\accessors-smart-1.2.jar;D:\develop\Apache\MavenRepository\org\ow2\asm\asm\5.0.4\asm-5.0.4.jar;D:\develop\Apache\MavenRepository\junit\junit\4.12\junit-4.12.jar;D:\develop\Apache\MavenRepository\org\assertj\assertj-core\3.11.1\assertj-core-3.11.1.jar;D:\develop\Apache\MavenRepository\org\mockito\mockito-core\2.23.4\mockito-core-2.23.4.jar;D:\develop\Apache\MavenRepository\net\bytebuddy\byte-buddy\1.9.12\byte-buddy-1.9.12.jar;D:\develop\Apache\MavenRepository\net\bytebuddy\byte-buddy-agent\1.9.12\byte-buddy-agent-1.9.12.jar;D:\develop\Apache\MavenRepository\org\objenesis\objenesis\2.6\objenesis-2.6.jar;D:\develop\Apache\MavenRepository\org\hamcrest\hamcrest-core\1.3\hamcrest-core-1.3.jar;D:\develop\Apache\MavenRepository\org\hamcrest\hamcrest-library\1.3\hamcrest-library-1.3.jar;D:\develop\Apache\MavenRepository\org\skyscreamer\jsonassert\1.5.0\jsonassert-1.5.0.jar;D:\develop\Apache\MavenRepository\com\vaadin\external\google\android-json\0.0.20131108.vaadin1\android-json-0.0.20131108.vaadin1.jar;D:\develop\Apache\MavenRepository\org\springframework\spring-core\5.1.7.RELEASE\spring-core-5.1.7.RELEASE.jar;D:\develop\Apache\MavenRepository\org\springframework\spring-jcl\5.1.7.RELEASE\spring-jcl-5.1.7.RELEASE.jar;D:\develop\Apache\MavenRepository\org\springframework\spring-test\5.1.7.RELEASE\spring-test-5.1.7.RELEASE.jar;D:\develop\Apache\MavenRepository\org\xmlunit\xmlunit-core\2.6.2\xmlunit-core-2.6.2.jar;D:\develop\Apache\MavenRepository\org\jetbrains\annotations\23.0.0\annotations-23.0.0.jar;D:\develop\Apache\MavenRepository\org\springframework\boot\spring-boot-starter\2.1.5.RELEASE\spring-boot-starter-2.1.5.RELEASE.jar;D:\develop\Apache\MavenRepository\org\springframework\boot\spring-boot\2.1.5.RELEASE\spring-boot-2.1.5.RELEASE.jar;D:\develop\Apache\MavenRepository\org\springframework\spring-context\5.1.7.RELEASE\spring-context-5.1.7.RELEASE.jar;D:\develop\Apache\MavenRepository\org\springframework\boot\spring-boot-autoconfigure\2.1.5.RELEASE\spring-boot-autoconfigure-2.1.5.RELEASE.jar;D:\develop\Apache\MavenRepository\javax\annotation\javax.annotation-api\1.3.2\javax.annotation-api-1.3.2.jar;D:\develop\Apache\MavenRepository\org\yaml\snakeyaml\1.23\snakeyaml-1.23.jar;D:\develop\Apache\MavenRepository\org\springframework\boot\spring-boot-starter-web\2.1.5.RELEASE\spring-boot-starter-web-2.1.5.RELEASE.jar;D:\develop\Apache\MavenRepository\org\springframework\boot\spring-boot-starter-json\2.1.5.RELEASE\spring-boot-starter-json-2.1.5.RELEASE.jar;D:\develop\Apache\MavenRepository\com\fasterxml\jackson\core\jackson-databind\2.9.8\jackson-databind-2.9.8.jar;D:\develop\Apache\MavenRepository\com\fasterxml\jackson\core\jackson-core\2.9.8\jackson-core-2.9.8.jar;D:\develop\Apache\MavenRepository\com\fasterxml\jackson\datatype\jackson-datatype-jdk8\2.9.8\jackson-datatype-jdk8-2.9.8.jar;D:\develop\Apache\MavenRepository\com\fasterxml\jackson\datatype\jackson-datatype-jsr310\2.9.8\jackson-datatype-jsr310-2.9.8.jar;D:\develop\Apache\MavenRepository\com\fasterxml\jackson\module\jackson-module-parameter-names\2.9.8\jackson-module-parameter-names-2.9.8.jar;D:\develop\Apache\MavenRepository\org\springframework\boot\spring-boot-starter-tomcat\2.1.5.RELEASE\spring-boot-starter-tomcat-2.1.5.RELEASE.jar;D:\develop\Apache\MavenRepository\org\apache\tomcat\embed\tomcat-embed-core\9.0.19\tomcat-embed-core-9.0.19.jar;D:\develop\Apache\MavenRepository\org\apache\tomcat\embed\tomcat-embed-el\9.0.19\tomcat-embed-el-9.0.19.jar;D:\develop\Apache\MavenRepository\org\apache\tomcat\embed\tomcat-embed-websocket\9.0.19\tomcat-embed-websocket-9.0.19.jar;D:\develop\Apache\MavenRepository\org\hibernate\validator\hibernate-validator\6.0.16.Final\hibernate-validator-6.0.16.Final.jar;D:\develop\Apache\MavenRepository\javax\validation\validation-api\2.0.1.Final\validation-api-2.0.1.Final.jar;D:\develop\Apache\MavenRepository\org\jboss\logging\jboss-logging\3.3.2.Final\jboss-logging-3.3.2.Final.jar;D:\develop\Apache\MavenRepository\org\springframework\spring-web\5.1.7.RELEASE\spring-web-5.1.7.RELEASE.jar;D:\develop\Apache\MavenRepository\org\springframework\spring-beans\5.1.7.RELEASE\spring-beans-5.1.7.RELEASE.jar;D:\develop\Apache\MavenRepository\org\springframework\spring-webmvc\5.1.7.RELEASE\spring-webmvc-5.1.7.RELEASE.jar;D:\develop\Apache\MavenRepository\org\springframework\spring-expression\5.1.7.RELEASE\spring-expression-5.1.7.RELEASE.jar;D:\develop\Apache\MavenRepository\org\springframework\boot\spring-boot-configuration-processor\2.1.5.RELEASE\spring-boot-configuration-processor-2.1.5.RELEASE.jar;D:\develop\Apache\MavenRepository\org\springframework\boot\spring-boot-starter-aop\2.1.5.RELEASE\spring-boot-starter-aop-2.1.5.RELEASE.jar;D:\develop\Apache\MavenRepository\org\springframework\spring-aop\5.1.7.RELEASE\spring-aop-5.1.7.RELEASE.jar;D:\develop\Apache\MavenRepository\org\aspectj\aspectjweaver\1.9.4\aspectjweaver-1.9.4.jar;D:\develop\Apache\MavenRepository\mysql\mysql-connector-java\5.1.41\mysql-connector-java-5.1.41.jar;D:\develop\Apache\MavenRepository\org\mybatis\spring\boot\mybatis-spring-boot-starter\2.1.0\mybatis-spring-boot-starter-2.1.0.jar;D:\develop\Apache\MavenRepository\org\springframework\boot\spring-boot-starter-jdbc\2.1.5.RELEASE\spring-boot-starter-jdbc-2.1.5.RELEASE.jar;D:\develop\Apache\MavenRepository\com\zaxxer\HikariCP\3.2.0\HikariCP-3.2.0.jar;D:\develop\Apache\MavenRepository\org\springframework\spring-jdbc\5.1.7.RELEASE\spring-jdbc-5.1.7.RELEASE.jar;D:\develop\Apache\MavenRepository\org\mybatis\spring\boot\mybatis-spring-boot-autoconfigure\2.1.0\mybatis-spring-boot-autoconfigure-2.1.0.jar;D:\develop\Apache\MavenRepository\org\mybatis\mybatis\3.5.2\mybatis-3.5.2.jar;D:\develop\Apache\MavenRepository\org\mybatis\mybatis-spring\2.0.2\mybatis-spring-2.0.2.jar;D:\develop\Apache\MavenRepository\org\springframework\boot\spring-boot-starter-data-redis\2.1.5.RELEASE\spring-boot-starter-data-redis-2.1.5.RELEASE.jar;D:\develop\Apache\MavenRepository\org\springframework\data\spring-data-redis\2.1.8.RELEASE\spring-data-redis-2.1.8.RELEASE.jar;D:\develop\Apache\MavenRepository\org\springframework\data\spring-data-keyvalue\2.1.8.RELEASE\spring-data-keyvalue-2.1.8.RELEASE.jar;D:\develop\Apache\MavenRepository\org\springframework\data\spring-data-commons\2.1.8.RELEASE\spring-data-commons-2.1.8.RELEASE.jar;D:\develop\Apache\MavenRepository\org\springframework\spring-tx\5.1.7.RELEASE\spring-tx-5.1.7.RELEASE.jar;D:\develop\Apache\MavenRepository\org\springframework\spring-oxm\5.1.7.RELEASE\spring-oxm-5.1.7.RELEASE.jar;D:\develop\Apache\MavenRepository\org\springframework\spring-context-support\5.1.7.RELEASE\spring-context-support-5.1.7.RELEASE.jar;D:\develop\Apache\MavenRepository\io\lettuce\lettuce-core\5.1.6.RELEASE\lettuce-core-5.1.6.RELEASE.jar;D:\develop\Apache\MavenRepository\io\netty\netty-common\4.1.36.Final\netty-common-4.1.36.Final.jar;D:\develop\Apache\MavenRepository\io\netty\netty-handler\4.1.36.Final\netty-handler-4.1.36.Final.jar;D:\develop\Apache\MavenRepository\io\netty\netty-buffer\4.1.36.Final\netty-buffer-4.1.36.Final.jar;D:\develop\Apache\MavenRepository\io\netty\netty-codec\4.1.36.Final\netty-codec-4.1.36.Final.jar;D:\develop\Apache\MavenRepository\io\netty\netty-transport\4.1.36.Final\netty-transport-4.1.36.Final.jar;D:\develop\Apache\MavenRepository\io\netty\netty-resolver\4.1.36.Final\netty-resolver-4.1.36.Final.jar;D:\develop\Apache\MavenRepository\io\projectreactor\reactor-core\3.2.9.RELEASE\reactor-core-3.2.9.RELEASE.jar;D:\develop\Apache\MavenRepository\org\reactivestreams\reactive-streams\1.0.2\reactive-streams-1.0.2.jar;D:\develop\Apache\MavenRepository\tk\mybatis\mapper-spring-boot-starter\2.1.5\mapper-spring-boot-starter-2.1.5.jar;D:\develop\Apache\MavenRepository\tk\mybatis\mapper-core\1.1.5\mapper-core-1.1.5.jar;D:\develop\Apache\MavenRepository\javax\persistence\persistence-api\1.0\persistence-api-1.0.jar;D:\develop\Apache\MavenRepository\tk\mybatis\mapper-base\1.1.5\mapper-base-1.1.5.jar;D:\develop\Apache\MavenRepository\tk\mybatis\mapper-weekend\1.1.5\mapper-weekend-1.1.5.jar;D:\develop\Apache\MavenRepository\tk\mybatis\mapper-spring\1.1.5\mapper-spring-1.1.5.jar;D:\develop\Apache\MavenRepository\tk\mybatis\mapper-extra\1.1.5\mapper-extra-1.1.5.jar;D:\develop\Apache\MavenRepository\tk\mybatis\mapper-spring-boot-autoconfigure\2.1.5\mapper-spring-boot-autoconfigure-2.1.5.jar;D:\develop\Apache\MavenRepository\com\github\pagehelper\pagehelper-spring-boot-starter\1.2.3\pagehelper-spring-boot-starter-1.2.3.jar;D:\develop\Apache\MavenRepository\com\github\pagehelper\pagehelper-spring-boot-autoconfigure\1.2.3\pagehelper-spring-boot-autoconfigure-1.2.3.jar;D:\develop\Apache\MavenRepository\com\github\pagehelper\pagehelper\5.1.2\pagehelper-5.1.2.jar;D:\develop\Apache\MavenRepository\com\github\jsqlparser\jsqlparser\1.0\jsqlparser-1.0.jar;D:\develop\Apache\MavenRepository\commons-codec\commons-codec\1.11\commons-codec-1.11.jar;D:\develop\Apache\MavenRepository\org\apache\commons\commons-lang3\3.4\commons-lang3-3.4.jar;D:\develop\Apache\MavenRepository\commons-io\commons-io\1.3.2\commons-io-1.3.2.jar;D:\develop\Apache\MavenRepository\org\slf4j\slf4j-api\1.7.21\slf4j-api-1.7.21.jar;D:\develop\Apache\MavenRepository\org\slf4j\slf4j-log4j12\1.7.21\slf4j-log4j12-1.7.21.jar;D:\develop\Apache\MavenRepository\log4j\log4j\1.2.17\log4j-1.2.17.jar;D:\develop\Apache\MavenRepository\javax\servlet\javax.servlet-api\4.0.1\javax.servlet-api-4.0.1.jar;D:\develop\Apache\MavenRepository\io\springfox\springfox-swagger2\2.4.0\springfox-swagger2-2.4.0.jar;D:\develop\Apache\MavenRepository\io\swagger\swagger-annotations\1.5.6\swagger-annotations-1.5.6.jar;D:\develop\Apache\MavenRepository\io\swagger\swagger-models\1.5.6\swagger-models-1.5.6.jar;D:\develop\Apache\MavenRepository\com\fasterxml\jackson\core\jackson-annotations\2.9.0\jackson-annotations-2.9.0.jar;D:\develop\Apache\MavenRepository\io\springfox\springfox-spi\2.4.0\springfox-spi-2.4.0.jar;D:\develop\Apache\MavenRepository\io\springfox\springfox-core\2.4.0\springfox-core-2.4.0.jar;D:\develop\Apache\MavenRepository\io\springfox\springfox-schema\2.4.0\springfox-schema-2.4.0.jar;D:\develop\Apache\MavenRepository\io\springfox\springfox-swagger-common\2.4.0\springfox-swagger-common-2.4.0.jar;D:\develop\Apache\MavenRepository\io\springfox\springfox-spring-web\2.4.0\springfox-spring-web-2.4.0.jar;D:\develop\Apache\MavenRepository\com\google\guava\guava\18.0\guava-18.0.jar;D:\develop\Apache\MavenRepository\com\fasterxml\classmate\1.4.0\classmate-1.4.0.jar;D:\develop\Apache\MavenRepository\org\springframework\plugin\spring-plugin-core\1.2.0.RELEASE\spring-plugin-core-1.2.0.RELEASE.jar;D:\develop\Apache\MavenRepository\org\springframework\plugin\spring-plugin-metadata\1.2.0.RELEASE\spring-plugin-metadata-1.2.0.RELEASE.jar;D:\develop\Apache\MavenRepository\io\springfox\springfox-swagger-ui\2.4.0\springfox-swagger-ui-2.4.0.jar;D:\develop\Apache\MavenRepository\com\github\xiaoymin\swagger-bootstrap-ui\1.6\swagger-bootstrap-ui-1.6.jar;"/>
    <property name="sun.cpu.endian" value="little"/>
    <property name="user.home" value="C:\Users\admin"/>
    <property name="user.language" value="zh"/>
    <property name="java.specification.vendor" value="Oracle Corporation"/>
    <property name="java.home" value="C:\Program Files\Java\jdk1.8.0_221\jre"/>
    <property name="basedir" value="D:\WorkSpace\imooc-ceshi\foodie-dev-api"/>
    <property name="file.separator" value="\"/>
    <property name="line.separator" value="&#10;"/>
    <property name="java.vm.specification.vendor" value="Oracle Corporation"/>
    <property name="java.specification.name" value="Java Platform API Specification"/>
    <property name="java.awt.graphicsenv" value="sun.awt.Win32GraphicsEnvironment"/>
    <property name="surefire.real.class.path" value="C:\Users\admin\AppData\Local\Temp\surefire1867058374170227220\surefirebooter6406283861254450500.jar"/>
    <property name="sun.boot.class.path" value="C:\Program Files\Java\jdk1.8.0_221\jre\lib\resources.jar;C:\Program Files\Java\jdk1.8.0_221\jre\lib\rt.jar;C:\Program Files\Java\jdk1.8.0_221\jre\lib\sunrsasign.jar;C:\Program Files\Java\jdk1.8.0_221\jre\lib\jsse.jar;C:\Program Files\Java\jdk1.8.0_221\jre\lib\jce.jar;C:\Program Files\Java\jdk1.8.0_221\jre\lib\charsets.jar;C:\Program Files\Java\jdk1.8.0_221\jre\lib\jfr.jar;C:\Program Files\Java\jdk1.8.0_221\jre\classes"/>
    <property name="user.script" value=""/>
    <property name="sun.management.compiler" value="HotSpot 64-Bit Tiered Compilers"/>
    <property name="java.runtime.version" value="1.8.0_221-b11"/>
    <property name="user.name" value="admin"/>
    <property name="path.separator" value=";"/>
    <property name="os.version" value="10.0"/>
    <property name="java.endorsed.dirs" value="C:\Program Files\Java\jdk1.8.0_221\jre\lib\endorsed"/>
    <property name="java.runtime.name" value="Java(TM) SE Runtime Environment"/>
    <property name="file.encoding" value="GBK"/>
    <property name="java.vm.name" value="Java HotSpot(TM) 64-Bit Server VM"/>
    <property name="idea.version2020.1" value="true"/>
    <property name="localRepository" value="D:\develop\Apache\MavenRepository"/>
    <property name="java.vendor.url.bug" value="http://bugreport.sun.com/bugreport/"/>
    <property name="java.io.tmpdir" value="C:\Users\admin\AppData\Local\Temp\"/>
    <property name="java.version" value="1.8.0_221"/>
    <property name="user.dir" value="D:\WorkSpace\imooc-ceshi\foodie-dev-api"/>
    <property name="os.arch" value="amd64"/>
    <property name="java.vm.specification.name" value="Java Virtual Machine Specification"/>
    <property name="java.awt.printerjob" value="sun.awt.windows.WPrinterJob"/>
    <property name="sun.os.patch.level" value=""/>
    <property name="java.library.path" value="C:\Program Files\Java\jdk1.8.0_221\jre\bin;C:\windows\Sun\Java\bin;C:\windows\system32;C:\windows;D:\app\admin\product\11.2.0\dbhome_2\bin;D:\Program Files (x86)\VMware\VMware Workstation\bin\;D:\app\admin\product\11.2.0\dbhome_1\bin;C:\Program Files (x86)\Common Files\Oracle\Java\javapath;C:\windows\system32;C:\windows;C:\windows\System32\Wbem;C:\windows\System32\WindowsPowerShell\v1.0\;C:\windows\System32\OpenSSH\;D:\APP\Xshell7\;D:\APP\Xftp7\;D:\develop\Apache\maven\apache-maven-3.8.4\bin;D:\develop\apache-tomcat-9.0.56-windows-x64\apache-tomcat-9.0.56\bin;D:\develop\TortoseSVN\bin;D:\develop\Git\cmd;D:\APP\nodejs\;.;C:\Program Files\Java\jdk1.8.0_221\bin;C:\Program Files\Java\jdk1.8.0_221\jre\bin;D:\develop\IntelliJ IDEA 2020.1\bin;;D:\develop\Microsoft VS Code\bin;C:\Users\admin\AppData\Local\GitHubDesktop\bin;C:\Users\admin\AppData\Roaming\npm;."/>
    <property name="java.vm.info" value="mixed mode"/>
    <property name="java.vendor" value="Oracle Corporation"/>
    <property name="java.vm.version" value="25.221-b11"/>
    <property name="java.ext.dirs" value="C:\Program Files\Java\jdk1.8.0_221\jre\lib\ext;C:\windows\Sun\Java\lib\ext"/>
    <property name="sun.io.unicode.encoding" value="UnicodeLittle"/>
    <property name="maven.repo.local" value="D:\develop\Apache\MavenRepository"/>
    <property name="java.class.version" value="52.0"/>
  </properties>
  <testcase name="myTest" classname="com.test.TransTest" time="0.001"/>
</testsuite>